0 info it worked if it ends with ok
1 verbose cli [ '/home/user/.nvm/versions/node/v7.0.0/bin/node',
1 verbose cli   '/home/user/.nvm/versions/node/v7.0.0/bin/npm',
1 verbose cli   'run',
1 verbose cli   'build' ]
2 info using npm@3.10.8
3 info using node@v7.0.0
4 verbose run-script [ 'prebuild', 'build', 'postbuild' ]
5 info lifecycle zap-oracle-template@0.0.1~prebuild: zap-oracle-template@0.0.1
6 silly lifecycle zap-oracle-template@0.0.1~prebuild: no script for prebuild, continuing
7 info lifecycle zap-oracle-template@0.0.1~build: zap-oracle-template@0.0.1
8 verbose lifecycle zap-oracle-template@0.0.1~build: unsafe-perm in lifecycle true
9 verbose lifecycle zap-oracle-template@0.0.1~build: PATH: /home/user/.nvm/versions/node/v7.0.0/lib/node_modules/npm/bin/node-gyp-bin:/home/user/zap-oracle-template/node_modules/.bin:/home/user/.nvm/versions/node/v7.0.0/bin:/home/user/bin:/home/user/.local/bin:/usr/local/sbin:/usr/local/bin:/usr/sbin:/usr/bin:/sbin:/bin:/usr/games:/usr/local/games:/snap/bin:/usr/lib/jvm/java-8-oracle/bin:/usr/lib/jvm/java-8-oracle/db/bin:/usr/lib/jvm/java-8-oracle/jre/bin:/home/user/Android/Sdk/tools:/home/user/Android/Sdk/tools/bin:/home/user/Android/Sdk/platform-tools
10 verbose lifecycle zap-oracle-template@0.0.1~build: CWD: /home/user/zap-oracle-template
11 silly lifecycle zap-oracle-template@0.0.1~build: Args: [ '-c', 'tsc' ]
12 info lifecycle zap-oracle-template@0.0.1~build: Failed to exec build script
13 verbose stack Error: zap-oracle-template@0.0.1 build: `tsc`
13 verbose stack spawn ENOENT
13 verbose stack     at ChildProcess.<anonymous> (/home/user/.nvm/versions/node/v7.0.0/lib/node_modules/npm/lib/utils/spawn.js:33:16)
13 verbose stack     at emitTwo (events.js:106:13)
13 verbose stack     at ChildProcess.emit (events.js:191:7)
13 verbose stack     at maybeClose (internal/child_process.js:877:16)
13 verbose stack     at Process.ChildProcess._handle.onexit (internal/child_process.js:226:5)
14 verbose pkgid zap-oracle-template@0.0.1
15 verbose cwd /home/user/zap-oracle-template
16 error Linux 4.15.0-58-generic
17 error argv "/home/user/.nvm/versions/node/v7.0.0/bin/node" "/home/user/.nvm/versions/node/v7.0.0/bin/npm" "run" "build"
18 error node v7.0.0
19 error npm  v3.10.8
20 error file sh
21 error code ELIFECYCLE
22 error errno ENOENT
23 error syscall spawn
24 error zap-oracle-template@0.0.1 build: `tsc`
24 error spawn ENOENT
25 error Failed at the zap-oracle-template@0.0.1 build script 'tsc'.
25 error Make sure you have the latest version of node.js and npm installed.
25 error If you do, this is most likely a problem with the zap-oracle-template package,
25 error not with npm itself.
25 error Tell the author that this fails on your system:
25 error     tsc
25 error You can get information on how to open an issue for this project with:
25 error     npm bugs zap-oracle-template
25 error Or if that isn't available, you can get their info via:
25 error     npm owner ls zap-oracle-template
25 error There is likely additional logging output above.
26 verbose exit [ 1, true ]
